{"name":"hexo","hostname":"ZB-PF0SHR13","pid":6588,"level":20,"msg":"Writing database to D:\\GitHub\\northernw.github.io/db.json","time":"2019-01-10T06:54:13.740Z","v":0}
{"name":"hexo","hostname":"ZB-PF0SHR13","pid":6588,"level":20,"msg":"Hexo version: 3.8.0","time":"2019-01-10T06:54:13.755Z","v":0}
{"name":"hexo","hostname":"ZB-PF0SHR13","pid":6588,"level":20,"msg":"Working directory: D:\\GitHub\\northernw.github.io\\","time":"2019-01-10T06:54:13.756Z","v":0}
{"name":"hexo","hostname":"ZB-PF0SHR13","pid":6588,"level":20,"msg":"Config loaded: D:\\GitHub\\northernw.github.io\\_config.yml","time":"2019-01-10T06:54:13.899Z","v":0}
{"name":"hexo","hostname":"ZB-PF0SHR13","pid":6588,"level":20,"msg":"Plugin loaded: hexo-deployer-git","time":"2019-01-10T06:54:14.009Z","v":0}
{"name":"hexo","hostname":"ZB-PF0SHR13","pid":6588,"level":20,"msg":"Plugin loaded: hexo-generator-archive","time":"2019-01-10T06:54:14.015Z","v":0}
{"name":"hexo","hostname":"ZB-PF0SHR13","pid":6588,"level":20,"msg":"Plugin loaded: hexo-generator-category","time":"2019-01-10T06:54:14.018Z","v":0}
{"name":"hexo","hostname":"ZB-PF0SHR13","pid":6588,"level":20,"msg":"Plugin loaded: hexo-generator-index","time":"2019-01-10T06:54:14.021Z","v":0}
{"name":"hexo","hostname":"ZB-PF0SHR13","pid":6588,"level":20,"msg":"Plugin loaded: hexo-generator-tag","time":"2019-01-10T06:54:14.023Z","v":0}
{"name":"hexo","hostname":"ZB-PF0SHR13","pid":6588,"level":20,"msg":"Plugin loaded: hexo-renderer-ejs","time":"2019-01-10T06:54:14.032Z","v":0}
{"name":"hexo","hostname":"ZB-PF0SHR13","pid":6588,"level":20,"msg":"Plugin loaded: hexo-renderer-jade","time":"2019-01-10T06:54:14.403Z","v":0}
{"name":"hexo","hostname":"ZB-PF0SHR13","pid":6588,"level":20,"msg":"Plugin loaded: hexo-renderer-marked","time":"2019-01-10T06:54:14.410Z","v":0}
{"name":"hexo","hostname":"ZB-PF0SHR13","pid":6588,"level":20,"msg":"Plugin loaded: hexo-renderer-stylus","time":"2019-01-10T06:54:14.412Z","v":0}
{"name":"hexo","hostname":"ZB-PF0SHR13","pid":6588,"level":20,"msg":"Plugin loaded: hexo-server","time":"2019-01-10T06:54:14.496Z","v":0}
{"name":"hexo","hostname":"ZB-PF0SHR13","pid":6588,"level":60,"msg":"Port 4000 has been used. Try other port instead.","time":"2019-01-10T06:54:14.507Z","v":0}
{"name":"hexo","hostname":"ZB-PF0SHR13","pid":6588,"level":60,"err":{"message":"listen EADDRINUSE: address already in use 0.0.0.0:4000","name":"Error","stack":"Error: listen EADDRINUSE: address already in use 0.0.0.0:4000\n    at Server.setupListenHandle [as _listen2] (net.js:1290:14)\n    at listenInCluster (net.js:1338:12)\n    at doListen (net.js:1471:7)\n    at process._tickCallback (internal/process/next_tick.js:63:19)","code":"EADDRINUSE"},"msg":"Something's wrong. Maybe you can find the solution here: http://hexo.io/docs/troubleshooting.html","time":"2019-01-10T06:54:14.507Z","v":0}
{"name":"hexo","hostname":"ZB-PF0SHR13","pid":6588,"level":20,"msg":"Database saved","time":"2019-01-10T06:54:14.509Z","v":0}
{"name":"hexo","hostname":"ZB-PF0SHR13","pid":10552,"level":20,"msg":"Writing database to D:\\GitHub\\northernw.github.io/db.json","time":"2019-01-10T06:54:24.630Z","v":0}
{"name":"hexo","hostname":"ZB-PF0SHR13","pid":10552,"level":20,"msg":"Hexo version: 3.8.0","time":"2019-01-10T06:54:24.646Z","v":0}
{"name":"hexo","hostname":"ZB-PF0SHR13","pid":10552,"level":20,"msg":"Working directory: D:\\GitHub\\northernw.github.io\\","time":"2019-01-10T06:54:24.647Z","v":0}
{"name":"hexo","hostname":"ZB-PF0SHR13","pid":10552,"level":20,"msg":"Config loaded: D:\\GitHub\\northernw.github.io\\_config.yml","time":"2019-01-10T06:54:24.761Z","v":0}
{"name":"hexo","hostname":"ZB-PF0SHR13","pid":10552,"level":20,"msg":"Plugin loaded: hexo-deployer-git","time":"2019-01-10T06:54:24.849Z","v":0}
{"name":"hexo","hostname":"ZB-PF0SHR13","pid":10552,"level":20,"msg":"Plugin loaded: hexo-generator-archive","time":"2019-01-10T06:54:24.853Z","v":0}
{"name":"hexo","hostname":"ZB-PF0SHR13","pid":10552,"level":20,"msg":"Plugin loaded: hexo-generator-category","time":"2019-01-10T06:54:24.855Z","v":0}
{"name":"hexo","hostname":"ZB-PF0SHR13","pid":10552,"level":20,"msg":"Plugin loaded: hexo-generator-index","time":"2019-01-10T06:54:24.857Z","v":0}
{"name":"hexo","hostname":"ZB-PF0SHR13","pid":10552,"level":20,"msg":"Plugin loaded: hexo-generator-tag","time":"2019-01-10T06:54:24.859Z","v":0}
{"name":"hexo","hostname":"ZB-PF0SHR13","pid":10552,"level":20,"msg":"Plugin loaded: hexo-renderer-ejs","time":"2019-01-10T06:54:24.864Z","v":0}
{"name":"hexo","hostname":"ZB-PF0SHR13","pid":10552,"level":20,"msg":"Plugin loaded: hexo-renderer-jade","time":"2019-01-10T06:54:25.054Z","v":0}
{"name":"hexo","hostname":"ZB-PF0SHR13","pid":10552,"level":20,"msg":"Plugin loaded: hexo-renderer-marked","time":"2019-01-10T06:54:25.060Z","v":0}
{"name":"hexo","hostname":"ZB-PF0SHR13","pid":10552,"level":20,"msg":"Plugin loaded: hexo-renderer-stylus","time":"2019-01-10T06:54:25.062Z","v":0}
{"name":"hexo","hostname":"ZB-PF0SHR13","pid":10552,"level":20,"msg":"Plugin loaded: hexo-server","time":"2019-01-10T06:54:25.139Z","v":0}
{"name":"hexo","hostname":"ZB-PF0SHR13","pid":10552,"level":20,"msg":"Loading database.","time":"2019-01-10T06:54:25.151Z","v":0}
{"name":"hexo","hostname":"ZB-PF0SHR13","pid":10552,"level":30,"msg":"Start processing","time":"2019-01-10T06:54:25.158Z","v":0}
{"name":"hexo","hostname":"ZB-PF0SHR13","pid":10552,"level":20,"msg":"Processed: source/apple-touch-icon.png","time":"2019-01-10T06:54:25.274Z","v":0}
{"name":"hexo","hostname":"ZB-PF0SHR13","pid":10552,"level":20,"msg":"Theme config loaded.","time":"2019-01-10T06:54:25.291Z","v":0}
{"name":"hexo","hostname":"ZB-PF0SHR13","pid":10552,"level":20,"msg":"Processed: _config.yml","time":"2019-01-10T06:54:25.291Z","v":0}
{"name":"hexo","hostname":"ZB-PF0SHR13","pid":10552,"level":20,"msg":"Processed: source/favicon.ico","time":"2019-01-10T06:54:25.292Z","v":0}
{"name":"hexo","hostname":"ZB-PF0SHR13","pid":10552,"level":20,"msg":"Processed: source/iconfont/iconfont.eot","time":"2019-01-10T06:54:25.298Z","v":0}
{"name":"hexo","hostname":"ZB-PF0SHR13","pid":10552,"level":20,"msg":"Processed: source/css/highlight.styl","time":"2019-01-10T06:54:25.299Z","v":0}
{"name":"hexo","hostname":"ZB-PF0SHR13","pid":10552,"level":20,"msg":"Processed: source/css/style.styl","time":"2019-01-10T06:54:25.299Z","v":0}
{"name":"hexo","hostname":"ZB-PF0SHR13","pid":10552,"level":20,"msg":"Processed: source/iconfont/iconfont.ttf","time":"2019-01-10T06:54:25.301Z","v":0}
{"name":"hexo","hostname":"ZB-PF0SHR13","pid":10552,"level":20,"msg":"Processed: source/js/search.json.js","time":"2019-01-10T06:54:25.302Z","v":0}
{"name":"hexo","hostname":"ZB-PF0SHR13","pid":10552,"level":20,"msg":"Processed: source/js/toctotop.js","time":"2019-01-10T06:54:25.302Z","v":0}
{"name":"hexo","hostname":"ZB-PF0SHR13","pid":10552,"level":20,"msg":"Processed: source/js/totop.js","time":"2019-01-10T06:54:25.302Z","v":0}
{"name":"hexo","hostname":"ZB-PF0SHR13","pid":10552,"level":20,"msg":"Processed: layout/archive.jade","time":"2019-01-10T06:54:25.903Z","v":0}
{"name":"hexo","hostname":"ZB-PF0SHR13","pid":10552,"level":20,"msg":"Processed: layout/base.jade","time":"2019-01-10T06:54:25.903Z","v":0}
{"name":"hexo","hostname":"ZB-PF0SHR13","pid":10552,"level":20,"msg":"Processed: layout/index.jade","time":"2019-01-10T06:54:25.903Z","v":0}
{"name":"hexo","hostname":"ZB-PF0SHR13","pid":10552,"level":20,"msg":"Processed: layout/category.jade","time":"2019-01-10T06:54:25.904Z","v":0}
{"name":"hexo","hostname":"ZB-PF0SHR13","pid":10552,"level":20,"msg":"Processed: layout/post.jade","time":"2019-01-10T06:54:25.904Z","v":0}
{"name":"hexo","hostname":"ZB-PF0SHR13","pid":10552,"level":20,"msg":"Processed: _posts/START-WITH-HEXO.md","time":"2019-01-10T06:54:25.923Z","v":0}
{"name":"hexo","hostname":"ZB-PF0SHR13","pid":10552,"level":20,"msg":"Processed: languages/en.yml","time":"2019-01-10T06:54:25.923Z","v":0}
{"name":"hexo","hostname":"ZB-PF0SHR13","pid":10552,"level":20,"msg":"Processed: languages/de-DE.yml","time":"2019-01-10T06:54:25.923Z","v":0}
{"name":"hexo","hostname":"ZB-PF0SHR13","pid":10552,"level":20,"msg":"Processed: languages/es-ES.yml","time":"2019-01-10T06:54:25.923Z","v":0}
{"name":"hexo","hostname":"ZB-PF0SHR13","pid":10552,"level":20,"msg":"Processed: languages/fr-FR.yml","time":"2019-01-10T06:54:25.924Z","v":0}
{"name":"hexo","hostname":"ZB-PF0SHR13","pid":10552,"level":20,"msg":"Processed: languages/ko.yml","time":"2019-01-10T06:54:25.924Z","v":0}
{"name":"hexo","hostname":"ZB-PF0SHR13","pid":10552,"level":20,"msg":"Processed: languages/tr.yml","time":"2019-01-10T06:54:25.924Z","v":0}
{"name":"hexo","hostname":"ZB-PF0SHR13","pid":10552,"level":20,"msg":"Processed: languages/zh-CN.yml","time":"2019-01-10T06:54:25.924Z","v":0}
{"name":"hexo","hostname":"ZB-PF0SHR13","pid":10552,"level":20,"msg":"Processed: languages/zh-TW.yml","time":"2019-01-10T06:54:25.924Z","v":0}
{"name":"hexo","hostname":"ZB-PF0SHR13","pid":10552,"level":20,"msg":"Processed: _posts/hello-world.md","time":"2019-01-10T06:54:25.924Z","v":0}
{"name":"hexo","hostname":"ZB-PF0SHR13","pid":10552,"level":20,"msg":"Processed: source/iconfont/iconfont.svg","time":"2019-01-10T06:54:25.925Z","v":0}
{"name":"hexo","hostname":"ZB-PF0SHR13","pid":10552,"level":20,"msg":"Processed: source/iconfont/iconfont.woff","time":"2019-01-10T06:54:25.927Z","v":0}
{"name":"hexo","hostname":"ZB-PF0SHR13","pid":10552,"level":20,"msg":"Processed: source/img/bg.jpg","time":"2019-01-10T06:54:25.927Z","v":0}
{"name":"hexo","hostname":"ZB-PF0SHR13","pid":10552,"level":20,"msg":"Processed: layout/tag.jade","time":"2019-01-10T06:54:26.133Z","v":0}
{"name":"hexo","hostname":"ZB-PF0SHR13","pid":10552,"level":20,"msg":"Processed: layout/page.jade","time":"2019-01-10T06:54:26.134Z","v":0}
{"name":"hexo","hostname":"ZB-PF0SHR13","pid":10552,"level":20,"msg":"Processed: layout/_partial/comment_count.jade","time":"2019-01-10T06:54:26.134Z","v":0}
{"name":"hexo","hostname":"ZB-PF0SHR13","pid":10552,"level":20,"msg":"Processed: layout/_partial/comments.jade","time":"2019-01-10T06:54:26.134Z","v":0}
{"name":"hexo","hostname":"ZB-PF0SHR13","pid":10552,"level":20,"msg":"Processed: layout/_partial/after_footer.jade","time":"2019-01-10T06:54:26.134Z","v":0}
{"name":"hexo","hostname":"ZB-PF0SHR13","pid":10552,"level":20,"msg":"Processed: layout/_partial/mathjax2.jade","time":"2019-01-10T06:54:26.134Z","v":0}
{"name":"hexo","hostname":"ZB-PF0SHR13","pid":10552,"level":20,"msg":"Processed: layout/_partial/footer.jade","time":"2019-01-10T06:54:26.134Z","v":0}
{"name":"hexo","hostname":"ZB-PF0SHR13","pid":10552,"level":20,"msg":"Processed: layout/_partial/mathjax.jade","time":"2019-01-10T06:54:26.134Z","v":0}
{"name":"hexo","hostname":"ZB-PF0SHR13","pid":10552,"level":20,"msg":"Processed: layout/_partial/post_nav.jade","time":"2019-01-10T06:54:26.134Z","v":0}
{"name":"hexo","hostname":"ZB-PF0SHR13","pid":10552,"level":20,"msg":"Processed: layout/_partial/paginator.jade","time":"2019-01-10T06:54:26.134Z","v":0}
{"name":"hexo","hostname":"ZB-PF0SHR13","pid":10552,"level":20,"msg":"Processed: layout/_partial/search.jade","time":"2019-01-10T06:54:26.134Z","v":0}
{"name":"hexo","hostname":"ZB-PF0SHR13","pid":10552,"level":20,"msg":"Processed: layout/_partial/share.jade","time":"2019-01-10T06:54:26.134Z","v":0}
{"name":"hexo","hostname":"ZB-PF0SHR13","pid":10552,"level":20,"msg":"Processed: layout/_partial/totop.jade","time":"2019-01-10T06:54:26.134Z","v":0}
{"name":"hexo","hostname":"ZB-PF0SHR13","pid":10552,"level":20,"msg":"Processed: layout/_widget/archive.jade","time":"2019-01-10T06:54:26.134Z","v":0}
{"name":"hexo","hostname":"ZB-PF0SHR13","pid":10552,"level":20,"msg":"Processed: layout/_partial/helpers.jade","time":"2019-01-10T06:54:26.134Z","v":0}
{"name":"hexo","hostname":"ZB-PF0SHR13","pid":10552,"level":20,"msg":"Processed: layout/_widget/category.jade","time":"2019-01-10T06:54:26.134Z","v":0}
{"name":"hexo","hostname":"ZB-PF0SHR13","pid":10552,"level":20,"msg":"Processed: layout/_widget/links.jade","time":"2019-01-10T06:54:26.134Z","v":0}
{"name":"hexo","hostname":"ZB-PF0SHR13","pid":10552,"level":20,"msg":"Processed: layout/_widget/recent_comments.jade","time":"2019-01-10T06:54:26.134Z","v":0}
{"name":"hexo","hostname":"ZB-PF0SHR13","pid":10552,"level":20,"msg":"Processed: layout/_widget/weibo.jade","time":"2019-01-10T06:54:26.134Z","v":0}
{"name":"hexo","hostname":"ZB-PF0SHR13","pid":10552,"level":20,"msg":"Processed: layout/_widget/recent_posts.jade","time":"2019-01-10T06:54:26.135Z","v":0}
{"name":"hexo","hostname":"ZB-PF0SHR13","pid":10552,"level":20,"msg":"Processed: layout/_widget/tag.jade","time":"2019-01-10T06:54:26.135Z","v":0}
{"name":"hexo","hostname":"ZB-PF0SHR13","pid":10552,"level":20,"msg":"Processed: layout/_partial/tag.jade","time":"2019-01-10T06:54:26.135Z","v":0}
{"name":"hexo","hostname":"ZB-PF0SHR13","pid":10552,"level":20,"msg":"Processed: layout/_partial/comments_js.jade","time":"2019-01-10T06:54:26.148Z","v":0}
{"name":"hexo","hostname":"ZB-PF0SHR13","pid":10552,"level":20,"msg":"Generator: page","time":"2019-01-10T06:54:26.328Z","v":0}
{"name":"hexo","hostname":"ZB-PF0SHR13","pid":10552,"level":20,"msg":"Generator: post","time":"2019-01-10T06:54:26.328Z","v":0}
{"name":"hexo","hostname":"ZB-PF0SHR13","pid":10552,"level":20,"msg":"Generator: archive","time":"2019-01-10T06:54:26.328Z","v":0}
{"name":"hexo","hostname":"ZB-PF0SHR13","pid":10552,"level":20,"msg":"Generator: category","time":"2019-01-10T06:54:26.328Z","v":0}
{"name":"hexo","hostname":"ZB-PF0SHR13","pid":10552,"level":20,"msg":"Generator: index","time":"2019-01-10T06:54:26.328Z","v":0}
{"name":"hexo","hostname":"ZB-PF0SHR13","pid":10552,"level":20,"msg":"Generator: tag","time":"2019-01-10T06:54:26.328Z","v":0}
{"name":"hexo","hostname":"ZB-PF0SHR13","pid":10552,"level":20,"msg":"Generator: asset","time":"2019-01-10T06:54:26.329Z","v":0}
{"name":"hexo","hostname":"ZB-PF0SHR13","pid":10552,"level":30,"msg":"Hexo is running at http://localhost:4000/. Press Ctrl+C to stop.","time":"2019-01-10T06:54:26.333Z","v":0}
{"name":"hexo","hostname":"ZB-PF0SHR13","pid":10552,"level":20,"msg":"Database saved","time":"2019-01-10T06:54:26.337Z","v":0}
{"name":"hexo","hostname":"ZB-PF0SHR13","pid":10552,"level":20,"msg":"Rendering index: index.html","time":"2019-01-10T06:54:33.224Z","v":0}
{"name":"hexo","hostname":"ZB-PF0SHR13","pid":10552,"level":20,"msg":"Rendering index: index.html","time":"2019-01-10T06:55:16.388Z","v":0}
{"name":"hexo","hostname":"ZB-PF0SHR13","pid":10552,"level":20,"msg":"Rendering index: index.html","time":"2019-01-10T06:55:17.394Z","v":0}
{"name":"hexo","hostname":"ZB-PF0SHR13","pid":10552,"level":30,"msg":"See you again","time":"2019-01-10T06:55:51.547Z","v":0}
{"name":"hexo","hostname":"ZB-PF0SHR13","pid":10552,"level":20,"msg":"Database saved","time":"2019-01-10T06:55:51.555Z","v":0}
